00:00:11.403 ************* mald Start *****************
00:00:11.403 STARTING MAL Daemon compile time Jun 19 2019:10:58:06
00:00:11.404 MAL main finished starting threads
00:00:11.405 ---- run_at_q_thread entry ---
00:00:11.406 AT_CMD_SOCKET_NAME: /tmp/mal_at_cmd_srv
00:00:11.406 adding at_prs (fd:9 ) to epoll
00:00:11.406 adding at_cmd (fd:3 ) to epoll
00:00:11.406 adding at_unsol (fd:5 ) to epoll
00:00:11.407 ---- run_listener_thread entry ---
00:00:11.411 findSocketName: search str= %d,MALUNSOL,
00:00:11.412 looking for MALUNSOL  in 31,MALUNSOL,

00:00:11.412 findSocketName found at sw config entry: /tmp/atsw31
00:00:11.413 malUnsol_ThreadMain: entry will work with:
  atsw_unsol: /tmp/atsw31
00:00:11.413 ---- mal_OpenSocketToAtSwitch entry ---
00:00:11.413 Trying to connect to AT switch for UNSOL 
00:00:11.414 connected to atswitch on /tmp/atsw31 for UNSOL (FD 12)
00:00:11.415 start reading UNSOL fd 12
00:00:11.415 ---- AtThreadMain entry ---
00:00:11.416 ---- mal_StartServer entry ---
00:00:11.416 Create and wait for AT command thread listener start
00:00:11.417 findSocketName: search str= %d,MAL,
00:00:11.417 looking for MAL  in 21,MAL,

00:00:11.418 findSocketName found at sw config entry: /tmp/atsw21
00:00:11.418 malSrv_ThreadMain entry will work with:
 prs: /tmp/mal_at_prs_srv
 atsw /tmp/atsw21
00:00:11.419 create the socket
00:00:11.419 bind the socket
00:00:11.419 listen the socket
00:00:11.420 Waiting to accept connection on /tmp/mal_at_prs_srv .... 
00:00:11.420 connected
00:00:11.421 MAL AT Ssrver - Accepted connection on /tmp/mal_at_prs_srv with fd = 14 
00:00:11.421 ---- mal_OpenSocketToAtSwitch entry ---
00:00:11.422 Trying to connect to AT switch for AT_CMD_RSP 
00:00:11.422 connected to atswitch on /tmp/atsw21 for AT_CMD_RSP (FD 13)
00:00:11.493 malSrv thread ID = 1971832064l, waits on AT commands on socket:/tmp/mal_at_prs_srv
